#
# There is insufficient memory for the Java Runtime Environment to continue.
# Native memory allocation (mmap) failed to map 142606336 bytes for committing reserved memory.
# Possible reasons:
#   The system is out of physical RAM or swap space
#   In 32 bit mode, the process size limit was hit
# Possible solutions:
#   Reduce memory load on the system
#   Increase physical memory or swap space
#   Check if swap backing store is full
#   Use 64 bit Java on a 64 bit OS
#   Decrease Java heap size (-Xmx/-Xms)
#   Decrease number of Java threads
#   Decrease Java thread stack sizes (-Xss)
#   Set larger code cache with -XX:ReservedCodeCacheSize=
# This output file may be truncated or incomplete.
#
#  Out of Memory Error (os_linux.cpp:2627), pid=18699, tid=0x00007f92b31f1700
#
# JRE version: Java(TM) SE Runtime Environment (8.0_121-b13) (build 1.8.0_121-b13)
# Java VM: Java HotSpot(TM) 64-Bit Server VM (25.121-b13 mixed mode linux-amd64 compressed oops)
# Failed to write core dump. Core dumps have been disabled. To enable core dumping, try "ulimit -c unlimited" before starting Java again
#

---------------  T H R E A D  ---------------

Current thread (0x00007f92d0077800):  VMThread [stack: 0x00007f92b30f1000,0x00007f92b31f2000] [id=18724]

Stack: [0x00007f92b30f1000,0x00007f92b31f2000],  sp=0x00007f92b31eff80,  free space=1019k
Native frames: (J=compiled Java code, j=interpreted, Vv=VM code, C=native code)
V  [libjvm.so+0xac703a]  VMError::report_and_die()+0x2ba
V  [libjvm.so+0x4fc7eb]  report_vm_out_of_memory(char const*, int, unsigned long, VMErrorType, char const*)+0x8b
V  [libjvm.so+0x923c43]  os::Linux::commit_memory_impl(char*, unsigned long, bool)+0x103
V  [libjvm.so+0x924199]  os::pd_commit_memory(char*, unsigned long, unsigned long, bool)+0x29
V  [libjvm.so+0x91e4aa]  os::commit_memory(char*, unsigned long, unsigned long, bool)+0x2a
V  [libjvm.so+0x992f03]  PSVirtualSpace::expand_by(unsigned long)+0x53
V  [libjvm.so+0x994308]  PSYoungGen::resize_generation(unsigned long, unsigned long)+0xf8
V  [libjvm.so+0x993462]  PSYoungGen::resize(unsigned long, unsigned long)+0x22
V  [libjvm.so+0x99073b]  PSScavenge::invoke_no_policy()+0xf3b
V  [libjvm.so+0x98b9e5]  PSParallelCompact::invoke(bool)+0x85
V  [libjvm.so+0x4832d4]  CollectedHeap::collect_as_vm_thread(GCCause::Cause)+0x114
V  [libjvm.so+0xac84b1]  VM_CollectForMetadataAllocation::doit()+0x161
V  [libjvm.so+0xad0535]  VM_Operation::evaluate()+0x55
V  [libjvm.so+0xace90a]  VMThread::evaluate_operation(VM_Operation*)+0xba
V  [libjvm.so+0xacec8e]  VMThread::loop()+0x1ce
V  [libjvm.so+0xacf100]  VMThread::run()+0x70
V  [libjvm.so+0x926268]  java_start(Thread*)+0x108

VM_Operation (0x00007f92d7c56cc0): CollectForMetadataAllocation, mode: safepoint, requested by thread 0x00007f92d000a000


---------------  P R O C E S S  ---------------

Java Threads: ( => current thread )
  0x00007f92d00c0800 JavaThread "Service Thread" daemon [_thread_blocked, id=18731, stack(0x00007f92b270a000,0x00007f92b280b000)]
  0x00007f92d00bd800 JavaThread "C1 CompilerThread2" daemon [_thread_blocked, id=18730, stack(0x00007f92b280b000,0x00007f92b290c000)]
  0x00007f92d00bb800 JavaThread "C2 CompilerThread1" daemon [_thread_blocked, id=18729, stack(0x00007f92b290c000,0x00007f92b2a0d000)]
  0x00007f92d00b8800 JavaThread "C2 CompilerThread0" daemon [_thread_blocked, id=18728, stack(0x00007f92b2a0d000,0x00007f92b2b0e000)]
  0x00007f92d00b7000 JavaThread "Signal Dispatcher" daemon [_thread_blocked, id=18727, stack(0x00007f92b2b0e000,0x00007f92b2c0f000)]
  0x00007f92d0084000 JavaThread "Finalizer" daemon [_thread_blocked, id=18726, stack(0x00007f92b2eef000,0x00007f92b2ff0000)]
  0x00007f92d007f800 JavaThread "Reference Handler" daemon [_thread_blocked, id=18725, stack(0x00007f92b2ff0000,0x00007f92b30f1000)]
  0x00007f92d000a000 JavaThread "main" [_thread_blocked, id=18719, stack(0x00007f92d7b5e000,0x00007f92d7c5f000)]

Other Threads:
=>0x00007f92d0077800 VMThread [stack: 0x00007f92b30f1000,0x00007f92b31f2000] [id=18724]
  0x00007f92d00c3800 WatcherThread [stack: 0x00007f92b2609000,0x00007f92b270a000] [id=18732]

VM state:at safepoint (normal execution)

VM Mutex/Monitor currently owned by a thread:  ([mutex/lock_event])
[0x00007f92d0006170] Threads_lock - owner thread: 0x00007f92d0077800
[0x00007f92d0006670] Heap_lock - owner thread: 0x00007f92d000a000

Heap:
 PSYoungGen      total 132096K, used 5088K [0x00000000d6d80000, 0x00000000df380000, 0x0000000100000000)
  eden space 126976K, 0% used [0x00000000d6d80000,0x00000000d6d80000,0x00000000de980000)
  from space 5120K, 99% used [0x00000000de980000,0x00000000dee78020,0x00000000dee80000)
  to   space 5120K, 0% used [0x00000000dee80000,0x00000000dee80000,0x00000000df380000)
 ParOldGen       total 84992K, used 13706K [0x0000000084800000, 0x0000000089b00000, 0x00000000d6d80000)
  object space 84992K, 16% used [0x0000000084800000,0x0000000085562850,0x0000000089b00000)
 Metaspace       used 20752K, capacity 21270K, committed 21296K, reserved 1069056K
  class space    used 2487K, capacity 2601K, committed 2608K, reserved 1048576K

Card table byte_map: [0x00007f92d452a000,0x00007f92d4907000] byte_map_base: 0x00007f92d4106000

Marking Bits: (ParMarkBitMap*) 0x00007f92d7031c80
 Begin Bits: [0x00007f92b8240000, 0x00007f92ba120000)
 End Bits:   [0x00007f92ba120000, 0x00007f92bc000000)

Polling page: 0x00007f92d7c81000

CodeCache: size=245760Kb used=12300Kb max_used=12313Kb free=233459Kb
 bounds [0x00007f92c1000000, 0x00007f92c1c10000, 0x00007f92d0000000]
 total_blobs=3802 nmethods=3443 adapters=272
 compilation: enabled

Compilation events (10 events):
Event: 4.274 Thread 0x00007f92d00bd800 3441       3       com.sun.tools.javac.code.AnnoConstruct::<init> (5 bytes)
Event: 4.274 Thread 0x00007f92d00bd800 nmethod 3441 0x00007f92c1bff250 code [0x00007f92c1bff3c0, 0x00007f92c1bff570]
Event: 4.274 Thread 0x00007f92d00bd800 3442       3       com.sun.tools.javac.util.Assert::check (8 bytes)
Event: 4.274 Thread 0x00007f92d00bd800 nmethod 3442 0x00007f92c1bfed10 code [0x00007f92c1bfee80, 0x00007f92c1bff108]
Event: 4.274 Thread 0x00007f92d00bd800 3443       3       com.sun.tools.javac.util.List::<init> (15 bytes)
Event: 4.274 Thread 0x00007f92d00bd800 nmethod 3443 0x00007f92c1bfd4d0 code [0x00007f92c1bfd640, 0x00007f92c1bfd870]
Event: 4.315 Thread 0x00007f92d00b8800 3444       4       java.lang.String::regionMatches (149 bytes)
Event: 4.324 Thread 0x00007f92d00b8800 nmethod 3444 0x00007f92c1c0d810 code [0x00007f92c1c0d9a0, 0x00007f92c1c0e158]
Event: 4.324 Thread 0x00007f92d00bb800 3445       4       java.net.URLClassLoader$1::run (5 bytes)
Event: 4.324 Thread 0x00007f92d00b8800 3446   !   4       java.net.URLClassLoader$1::run (63 bytes)

GC Heap History (9 events):
Event: 0.787 GC heap before
{Heap before GC invocations=1 (full 0):
 PSYoungGen      total 36864K, used 31744K [0x00000000d6d80000, 0x00000000d9680000, 0x0000000100000000)
  eden space 31744K, 100% used [0x00000000d6d80000,0x00000000d8c80000,0x00000000d8c80000)
  from space 5120K, 0% used [0x00000000d9180000,0x00000000d9180000,0x00000000d9680000)
  to   space 5120K, 0% used [0x00000000d8c80000,0x00000000d8c80000,0x00000000d9180000)
 ParOldGen       total 84992K, used 0K [0x0000000084800000, 0x0000000089b00000, 0x00000000d6d80000)
  object space 84992K, 0% used [0x0000000084800000,0x0000000084800000,0x0000000089b00000)
 Metaspace       used 7954K, capacity 8092K, committed 8320K, reserved 1056768K
  class space    used 999K, capacity 1080K, committed 1152K, reserved 1048576K
Event: 0.798 GC heap after
Heap after GC invocations=1 (full 0):
 PSYoungGen      total 36864K, used 4884K [0x00000000d6d80000, 0x00000000db580000, 0x0000000100000000)
  eden space 31744K, 0% used [0x00000000d6d80000,0x00000000d6d80000,0x00000000d8c80000)
  from space 5120K, 95% used [0x00000000d8c80000,0x00000000d9145150,0x00000000d9180000)
  to   space 5120K, 0% used [0x00000000db080000,0x00000000db080000,0x00000000db580000)
 ParOldGen       total 84992K, used 8K [0x0000000084800000, 0x0000000089b00000, 0x00000000d6d80000)
  object space 84992K, 0% used [0x0000000084800000,0x0000000084802000,0x0000000089b00000)
 Metaspace       used 7954K, capacity 8092K, committed 8320K, reserved 1056768K
  class space    used 999K, capacity 1080K, committed 1152K, reserved 1048576K
}
Event: 1.311 GC heap before
{Heap before GC invocations=2 (full 0):
 PSYoungGen      total 36864K, used 36628K [0x00000000d6d80000, 0x00000000db580000, 0x0000000100000000)
  eden space 31744K, 100% used [0x00000000d6d80000,0x00000000d8c80000,0x00000000d8c80000)
  from space 5120K, 95% used [0x00000000d8c80000,0x00000000d9145150,0x00000000d9180000)
  to   space 5120K, 0% used [0x00000000db080000,0x00000000db080000,0x00000000db580000)
 ParOldGen       total 84992K, used 8K [0x0000000084800000, 0x0000000089b00000, 0x00000000d6d80000)
  object space 84992K, 0% used [0x0000000084800000,0x0000000084802000,0x0000000089b00000)
 Metaspace       used 12368K, capacity 12526K, committed 12672K, reserved 1060864K
  class space    used 1563K, capacity 1637K, committed 1664K, reserved 1048576K
Event: 1.322 GC heap after
Heap after GC invocations=2 (full 0):
 PSYoungGen      total 68608K, used 5098K [0x00000000d6d80000, 0x00000000db580000, 0x0000000100000000)
  eden space 63488K, 0% used [0x00000000d6d80000,0x00000000d6d80000,0x00000000dab80000)
  from space 5120K, 99% used [0x00000000db080000,0x00000000db57a9e8,0x00000000db580000)
  to   space 5120K, 0% used [0x00000000dab80000,0x00000000dab80000,0x00000000db080000)
 ParOldGen       total 84992K, used 2574K [0x0000000084800000, 0x0000000089b00000, 0x00000000d6d80000)
  object space 84992K, 3% used [0x0000000084800000,0x0000000084a839e0,0x0000000089b00000)
 Metaspace       used 12368K, capacity 12526K, committed 12672K, reserved 1060864K
  class space    used 1563K, capacity 1637K, committed 1664K, reserved 1048576K
}
Event: 2.630 GC heap before
{Heap before GC invocations=3 (full 0):
 PSYoungGen      total 68608K, used 68586K [0x00000000d6d80000, 0x00000000db580000, 0x0000000100000000)
  eden space 63488K, 100% used [0x00000000d6d80000,0x00000000dab80000,0x00000000dab80000)
  from space 5120K, 99% used [0x00000000db080000,0x00000000db57a9e8,0x00000000db580000)
  to   space 5120K, 0% used [0x00000000dab80000,0x00000000dab80000,0x00000000db080000)
 ParOldGen       total 84992K, used 2574K [0x0000000084800000, 0x0000000089b00000, 0x00000000d6d80000)
  object space 84992K, 3% used [0x0000000084800000,0x0000000084a839e0,0x0000000089b00000)
 Metaspace       used 16362K, capacity 16630K, committed 17024K, reserved 1064960K
  class space    used 1976K, capacity 2071K, committed 2176K, reserved 1048576K
Event: 2.663 GC heap after
Heap after GC invocations=3 (full 0):
 PSYoungGen      total 68608K, used 5088K [0x00000000d6d80000, 0x00000000df380000, 0x0000000100000000)
  eden space 63488K, 0% used [0x00000000d6d80000,0x00000000d6d80000,0x00000000dab80000)
  from space 5120K, 99% used [0x00000000dab80000,0x00000000db078040,0x00000000db080000)
  to   space 5120K, 0% used [0x00000000dee80000,0x00000000dee80000,0x00000000df380000)
 ParOldGen       total 84992K, used 5851K [0x0000000084800000, 0x0000000089b00000, 0x00000000d6d80000)
  object space 84992K, 6% used [0x0000000084800000,0x0000000084db6de0,0x0000000089b00000)
 Metaspace       used 16362K, capacity 16630K, committed 17024K, reserved 1064960K
  class space    used 1976K, capacity 2071K, committed 2176K, reserved 1048576K
}
Event: 3.243 GC heap before
{Heap before GC invocations=4 (full 0):
 PSYoungGen      total 68608K, used 68576K [0x00000000d6d80000, 0x00000000df380000, 0x0000000100000000)
  eden space 63488K, 100% used [0x00000000d6d80000,0x00000000dab80000,0x00000000dab80000)
  from space 5120K, 99% used [0x00000000dab80000,0x00000000db078040,0x00000000db080000)
  to   space 5120K, 0% used [0x00000000dee80000,0x00000000dee80000,0x00000000df380000)
 ParOldGen       total 84992K, used 5851K [0x0000000084800000, 0x0000000089b00000, 0x00000000d6d80000)
  object space 84992K, 6% used [0x0000000084800000,0x0000000084db6de0,0x0000000089b00000)
 Metaspace       used 16775K, capacity 17074K, committed 17280K, reserved 1064960K
  class space    used 1983K, capacity 2081K, committed 2176K, reserved 1048576K
Event: 3.297 GC heap after
Heap after GC invocations=4 (full 0):
 PSYoungGen      total 132096K, used 5104K [0x00000000d6d80000, 0x00000000df380000, 0x0000000100000000)
  eden space 126976K, 0% used [0x00000000d6d80000,0x00000000d6d80000,0x00000000de980000)
  from space 5120K, 99% used [0x00000000dee80000,0x00000000df37c030,0x00000000df380000)
  to   space 5120K, 0% used [0x00000000de980000,0x00000000de980000,0x00000000dee80000)
 ParOldGen       total 84992K, used 9011K [0x0000000084800000, 0x0000000089b00000, 0x00000000d6d80000)
  object space 84992K, 10% used [0x0000000084800000,0x00000000850ccde0,0x0000000089b00000)
 Metaspace       used 16775K, capacity 17074K, committed 17280K, reserved 1064960K
  class space    used 1983K, capacity 2081K, committed 2176K, reserved 1048576K
}
Event: 4.362 GC heap before
{Heap before GC invocations=5 (full 0):
 PSYoungGen      total 132096K, used 83861K [0x00000000d6d80000, 0x00000000df380000, 0x0000000100000000)
  eden space 126976K, 62% used [0x00000000d6d80000,0x00000000dba694b0,0x00000000de980000)
  from space 5120K, 99% used [0x00000000dee80000,0x00000000df37c030,0x00000000df380000)
  to   space 5120K, 0% used [0x00000000de980000,0x00000000de980000,0x00000000dee80000)
 ParOldGen       total 84992K, used 9011K [0x0000000084800000, 0x0000000089b00000, 0x00000000d6d80000)
  object space 84992K, 10% used [0x0000000084800000,0x00000000850ccde0,0x0000000089b00000)
 Metaspace       used 20752K, capacity 21270K, committed 21296K, reserved 1069056K
  class space    used 2487K, capacity 2601K, committed 2608K, reserved 1048576K

Deoptimization events (10 events):
Event: 3.411 Thread 0x00007f92d000a000 Uncommon trap: reason=unstable_if action=reinterpret pc=0x00007f92c18a5ab4 method=java.util.HashMap.getNode(ILjava/lang/Object;)Ljava/util/HashMap$Node; @ 53
Event: 3.411 Thread 0x00007f92d000a000 Uncommon trap: reason=unstable_if action=reinterpret pc=0x00007f92c137a860 method=java.util.HashMap.getNode(ILjava/lang/Object;)Ljava/util/HashMap$Node; @ 53
Event: 3.445 Thread 0x00007f92d000a000 Uncommon trap: reason=class_check action=maybe_recompile pc=0x00007f92c17f39d0 method=java.util.regex.Pattern$Curly.match0(Ljava/util/regex/Matcher;IILjava/lang/CharSequence;)Z @ 16
Event: 3.445 Thread 0x00007f92d000a000 Uncommon trap: reason=class_check action=maybe_recompile pc=0x00007f92c17f39d0 method=java.util.regex.Pattern$Curly.match0(Ljava/util/regex/Matcher;IILjava/lang/CharSequence;)Z @ 16
Event: 3.518 Thread 0x00007f92d000a000 Uncommon trap: reason=bimorphic action=maybe_recompile pc=0x00007f92c1716be4 method=java.util.regex.Pattern$CharProperty.match(Ljava/util/regex/Matcher;ILjava/lang/CharSequence;)Z @ 37
Event: 3.690 Thread 0x00007f92d000a000 Uncommon trap: reason=unstable_if action=reinterpret pc=0x00007f92c19ef1f0 method=java.util.IdentityHashMap.nextKeyIndex(II)I @ 4
Event: 3.735 Thread 0x00007f92d000a000 Uncommon trap: reason=bimorphic action=maybe_recompile pc=0x00007f92c1716be4 method=java.util.regex.Pattern$CharProperty.match(Ljava/util/regex/Matcher;ILjava/lang/CharSequence;)Z @ 37
Event: 3.769 Thread 0x00007f92d000a000 Uncommon trap: reason=unstable_if action=reinterpret pc=0x00007f92c196decc method=org.apache.maven.model.ConfigurationContainer.clone()Lorg/apache/maven/model/ConfigurationContainer; @ 37
Event: 4.079 Thread 0x00007f92d000a000 Uncommon trap: reason=bimorphic action=maybe_recompile pc=0x00007f92c1716be4 method=java.util.regex.Pattern$CharProperty.match(Ljava/util/regex/Matcher;ILjava/lang/CharSequence;)Z @ 37
Event: 4.089 Thread 0x00007f92d000a000 Uncommon trap: reason=unstable_if action=reinterpret pc=0x00007f92c1ac09c0 method=com.google.inject.internal.InjectorImpl.callInContext(Lcom/google/inject/internal/ContextualCallable;)Ljava/lang/Object; @ 161

Internal exceptions (10 events):
Event: 1.985 Thread 0x00007f92d000a000 Exception <a 'java/lang/NullPointerException'> (0x00000000d8b7a3a8) thrown at [/HUDSON3/workspace/8-2-build-linux-amd64/jdk8u121/8372/hotspot/src/share/vm/interpreter/linkResolver.cpp, line 1178]
Event: 1.986 Thread 0x00007f92d000a000 Exception <a 'java/lang/NullPointerException'> (0x00000000d8b817d8) thrown at [/HUDSON3/workspace/8-2-build-linux-amd64/jdk8u121/8372/hotspot/src/share/vm/interpreter/linkResolver.cpp, line 1178]
Event: 1.986 Thread 0x00007f92d000a000 Exception <a 'java/lang/NullPointerException'> (0x00000000d8b819f0) thrown at [/HUDSON3/workspace/8-2-build-linux-amd64/jdk8u121/8372/hotspot/src/share/vm/interpreter/linkResolver.cpp, line 1178]
Event: 1.986 Thread 0x00007f92d000a000 Exception <a 'java/lang/NullPointerException'> (0x00000000d8b81c08) thrown at [/HUDSON3/workspace/8-2-build-linux-amd64/jdk8u121/8372/hotspot/src/share/vm/interpreter/linkResolver.cpp, line 1178]
Event: 2.278 Thread 0x00007f92d000a000 Implicit null exception at 0x00007f92c12b0335 to 0x00007f92c12b053d
Event: 2.278 Thread 0x00007f92d000a000 Implicit null exception at 0x00007f92c12a612f to 0x00007f92c12a6199
Event: 2.423 Thread 0x00007f92d000a000 Implicit null exception at 0x00007f92c1305f3b to 0x00007f92c130652d
Event: 2.429 Thread 0x00007f92d000a000 Implicit null exception at 0x00007f92c170a941 to 0x00007f92c170b321
Event: 4.089 Thread 0x00007f92d000a000 Implicit null exception at 0x00007f92c1abfab1 to 0x00007f92c1ac09a5
Event: 4.142 Thread 0x00007f92d000a000 Exception <a 'java/lang/ClassNotFoundException': com/sun/tools/javac/api/JavacTool> (0x00000000db197fc8) thrown at [/HUDSON3/workspace/8-2-build-linux-amd64/jdk8u121/8372/hotspot/src/share/vm/classfile/systemDictionary.cpp, line 210]

Events (10 events):
Event: 4.360 loading class com/sun/tools/javac/comp/Attr$8 done
Event: 4.361 loading class com/sun/tools/javac/comp/Attr$RecoveryInfo
Event: 4.361 loading class com/sun/tools/javac/comp/Attr$RecoveryInfo done
Event: 4.361 loading class com/sun/tools/javac/comp/Attr$14
Event: 4.361 loading class com/sun/tools/javac/comp/Attr$14 done
Event: 4.361 loading class com/sun/tools/javac/comp/Attr$IdentAttributer
Event: 4.361 loading class com/sun/tools/javac/comp/Attr$IdentAttributer done
Event: 4.362 loading class com/sun/source/util/SimpleTreeVisitor
Event: 4.362 loading class com/sun/source/util/SimpleTreeVisitor done
Event: 4.362 Executing VM operation: CollectForMetadataAllocation


Dynamic libraries:
00400000-00401000 r-xp 00000000 08:06 655449                             /usr/lib/jvm/java-8-oracle/bin/java
00600000-00601000 rw-p 00000000 08:06 655449                             /usr/lib/jvm/java-8-oracle/bin/java
01670000-01691000 rw-p 00000000 00:00 0                                  [heap]
84800000-89b00000 rw-p 00000000 00:00 0 
89b00000-d6d80000 ---p 00000000 00:00 0 
d6d80000-df380000 rw-p 00000000 00:00 0 
e7b80000-100000000 ---p 00000000 00:00 0 
100000000-10028c000 rw-p 00000000 00:00 0 
10028c000-140000000 ---p 00000000 00:00 0 
7f9284000000-7f9284021000 rw-p 00000000 00:00 0 
7f9284021000-7f9288000000 ---p 00000000 00:00 0 
7f9288000000-7f9288021000 rw-p 00000000 00:00 0 
7f9288021000-7f928c000000 ---p 00000000 00:00 0 
7f928c000000-7f928c7de000 rw-p 00000000 00:00 0 
7f928c7de000-7f9290000000 ---p 00000000 00:00 0 
7f9290000000-7f9290bc8000 rw-p 00000000 00:00 0 
7f9290bc8000-7f9294000000 ---p 00000000 00:00 0 
7f9294000000-7f9294021000 rw-p 00000000 00:00 0 
7f9294021000-7f9298000000 ---p 00000000 00:00 0 
7f9298000000-7f92989e7000 rw-p 00000000 00:00 0 
7f92989e7000-7f929c000000 ---p 00000000 00:00 0 
7f929c000000-7f929c021000 rw-p 00000000 00:00 0 
7f929c021000-7f92a0000000 ---p 00000000 00:00 0 
7f92a0000000-7f92a0021000 rw-p 00000000 00:00 0 
7f92a0021000-7f92a4000000 ---p 00000000 00:00 0 
7f92a4000000-7f92a4021000 rw-p 00000000 00:00 0 
7f92a4021000-7f92a8000000 ---p 00000000 00:00 0 
7f92a8000000-7f92a828f000 rw-p 00000000 00:00 0 
7f92a828f000-7f92ac000000 ---p 00000000 00:00 0 
7f92ac000000-7f92ac021000 rw-p 00000000 00:00 0 
7f92ac021000-7f92b0000000 ---p 00000000 00:00 0 
7f92b1221000-7f92b1261000 rw-p 00000000 00:00 0 
7f92b1261000-7f92b1421000 ---p 00000000 00:00 0 
7f92b1421000-7f92b149b000 r--s 010f6000 08:06 656486                     /usr/lib/jvm/java-8-oracle/lib/tools.jar
7f92b149b000-7f92b169b000 rw-p 00000000 00:00 0 
7f92b169b000-7f92b169e000 r--s 0001b000 08:06 5248267                    /home/helrohir/.m2/repository/junit/junit/3.8.2/junit-3.8.2.jar
7f92b169e000-7f92b16ac000 r--s 0008f000 08:06 5248266                    /home/helrohir/.m2/repository/com/google/collections/google-collections/1.0/google-collections-1.0.jar
7f92b16ac000-7f92b16ad000 r--s 0000a000 08:06 5248262                    /home/helrohir/.m2/repository/commons-logging/commons-logging-api/1.1/commons-logging-api-1.1.jar
7f92b16ad000-7f92b16b4000 r--s 00051000 08:06 5248260                    /home/helrohir/.m2/repository/log4j/log4j/1.2.12/log4j-1.2.12.jar
7f92b16b4000-7f92b16b8000 r--s 0001d000 08:06 5248259                    /home/helrohir/.m2/repository/org/apache/xbean/xbean-reflect/3.4/xbean-reflect-3.4.jar
7f92b16b8000-7f92b16b9000 r--s 00004000 08:06 5248252                    /home/helrohir/.m2/repository/org/codehaus/plexus/plexus-compiler-javac/2.2/plexus-compiler-javac-2.2.jar
7f92b16b9000-7f92b16bb000 r--s 00000000 08:06 5248251                    /home/helrohir/.m2/repository/org/codehaus/plexus/plexus-compiler-manager/2.2/plexus-compiler-manager-2.2.jar
7f92b16bb000-7f92b16bd000 r--s 00005000 08:06 5248250                    /home/helrohir/.m2/repository/org/codehaus/plexus/plexus-compiler-api/2.2/plexus-compiler-api-2.2.jar
7f92b16bd000-7f92b16bf000 r--s 00000000 08:06 5248247                    /home/helrohir/.m2/repository/org/codehaus/plexus/plexus-component-annotations/1.5.5/plexus-component-annotations-1.5.5.jar
7f92b16bf000-7f92b16c1000 r--s 00002000 08:06 5248245                    /home/helrohir/.m2/repository/org/apache/maven/shared/maven-shared-incremental/1.1/maven-shared-incremental-1.1.jar
7f92b16c1000-7f92b16c3000 r--s 00006000 08:06 5121117                    /home/helrohir/.m2/repository/com/google/code/findbugs/jsr305/2.0.1/jsr305-2.0.1.jar
7f92b16c3000-7f92b16c6000 r--s 00023000 08:06 5248242                    /home/helrohir/.m2/repository/org/apache/maven/shared/maven-shared-utils/0.1/maven-shared-utils-0.1.jar
7f92b16c6000-7f92b16ca000 r--s 00030000 08:06 5248214                    /home/helrohir/.m2/repository/org/codehaus/plexus/plexus-utils/1.5.1/plexus-utils-1.5.1.jar
7f92b16ca000-7f92b16cc000 r--s 00009000 08:06 5245676                    /home/helrohir/.m2/repository/org/apache/maven/plugins/maven-compiler-plugin/3.1/maven-compiler-plugin-3.1.jar
7f92b16cc000-7f92b16ce000 r--s 0000d000 08:06 5246549                    /home/helrohir/.m2/repository/org/codehaus/plexus/plexus-interpolation/1.13/plexus-interpolation-1.13.jar
7f92b16ce000-7f92b16cf000 r--s 00001000 08:06 5246545                    /home/helrohir/.m2/repository/org/sonatype/plexus/plexus-build-api/0.0.4/plexus-build-api-0.0.4.jar
7f92b16cf000-7f92b16d1000 r--s 00009000 08:06 5246543                    /home/helrohir/.m2/repository/org/apache/maven/shared/maven-filtering/1.1/maven-filtering-1.1.jar
7f92b16d1000-7f92b16d5000 r--s 00033000 08:06 5246540                    /home/helrohir/.m2/repository/org/codehaus/plexus/plexus-utils/2.0.5/plexus-utils-2.0.5.jar
7f92b16d5000-7f92b16d8000 r--s 0001b000 08:06 5121098                    /home/helrohir/.m2/repository/junit/junit/3.8.1/junit-3.8.1.jar
7f92b16d8000-7f92b16da000 r--s 00002000 08:06 5246527                    /home/helrohir/.m2/repository/org/codehaus/plexus/plexus-interactivity-api/1.0-alpha-4/plexus-interactivity-api-1.0-alpha-4.jar
7f92b16da000-7f92b16dc000 r--s 00006000 08:06 5246525                    /home/helrohir/.m2/repository/commons-cli/commons-cli/1.0/commons-cli-1.0.jar
7f92b16dc000-7f92b16dd000 r--s 00001000 08:06 5246514                    /home/helrohir/.m2/repository/org/apache/maven/doxia/doxia-sink-api/1.0-alpha-7/doxia-sink-api-1.0-alpha-7.jar
7f92b16dd000-7f92b16de000 r--s 00002000 08:06 5246512                    /home/helrohir/.m2/repository/org/apache/maven/reporting/maven-reporting-api/2.0.6/maven-reporting-api-2.0.6.jar
7f92b16de000-7f92b16e0000 r--s 00006000 08:06 5121221                    /home/helrohir/.m2/repository/org/apache/maven/plugins/maven-resources-plugin/2.6/maven-resources-plugin-2.6.jar
7f92b16e0000-7f92b18e0000 rw-p 00000000 00:00 0 
7f92b18e0000-7f92b18f1000 r-xp 00000000 08:06 655556                     /usr/lib/jvm/java-8-oracle/jre/lib/amd64/libnio.so
7f92b18f1000-7f92b1af0000 ---p 00011000 08:06 655556                     /usr/lib/jvm/java-8-oracle/jre/lib/amd64/libnio.so
7f92b1af0000-7f92b1af1000 rw-p 00010000 08:06 655556                     /usr/lib/jvm/java-8-oracle/jre/lib/amd64/libnio.so
7f92b1af1000-7f92b1df2000 rw-p 00000000 00:00 0 
7f92b1df2000-7f92b1e08000 r-xp 00000000 08:06 655531                     /usr/lib/jvm/java-8-oracle/jre/lib/amd64/libnet.so
7f92b1e08000-7f92b2008000 ---p 00016000 08:06 655531                     /usr/lib/jvm/java-8-oracle/jre/lib/amd64/libnet.so
7f92b2008000-7f92b2009000 rw-p 00016000 08:06 655531                     /usr/lib/jvm/java-8-oracle/jre/lib/amd64/libnet.so
7f92b2009000-7f92b2209000 rw-p 00000000 00:00 0 
7f92b2209000-7f92b2409000 rw-p 00000000 00:00 0 
7f92b2409000-7f92b2609000 rw-p 00000000 00:00 0 
7f92b2609000-7f92b260a000 ---p 00000000 00:00 0 
7f92b260a000-7f92b270a000 rw-p 00000000 00:00 0 
7f92b270a000-7f92b270d000 ---p 00000000 00:00 0 
7f92b270d000-7f92b280b000 rw-p 00000000 00:00 0 
7f92b280b000-7f92b280e000 ---p 00000000 00:00 0 
7f92b280e000-7f92b290c000 rw-p 00000000 00:00 0 
7f92b290c000-7f92b290f000 ---p 00000000 00:00 0 
7f92b290f000-7f92b2a0d000 rw-p 00000000 00:00 0 
7f92b2a0d000-7f92b2a10000 ---p 00000000 00:00 0 
7f92b2a10000-7f92b2b0e000 rw-p 00000000 00:00 0 
7f92b2b0e000-7f92b2b11000 ---p 00000000 00:00 0 
7f92b2b11000-7f92b2c0f000 rw-p 00000000 00:00 0 
7f92b2c0f000-7f92b2eef000 r--p 00000000 08:06 267370                     /usr/lib/locale/locale-archive
7f92b2eef000-7f92b2ef2000 ---p 00000000 00:00 0 
7f92b2ef2000-7f92b2ff0000 rw-p 00000000 00:00 0 
7f92b2ff0000-7f92b2ff3000 ---p 00000000 00:00 0 
7f92b2ff3000-7f92b30f1000 rw-p 00000000 00:00 0 
7f92b30f1000-7f92b30f2000 ---p 00000000 00:00 0 
7f92b30f2000-7f92b4000000 rw-p 00000000 00:00 0 
7f92b4000000-7f92b4021000 rw-p 00000000 00:00 0 
7f92b4021000-7f92b8000000 ---p 00000000 00:00 0 
7f92b8000000-7f92b8004000 r--s 00034000 08:06 5121209                    /home/helrohir/.m2/repository/org/codehaus/plexus/plexus-utils/3.0/plexus-utils-3.0.jar
7f92b8004000-7f92b8006000 r--s 00005000 08:06 5121163                    /home/helrohir/.m2/repository/org/apache/maven/plugins/maven-clean-plugin/2.5/maven-clean-plugin-2.5.jar
7f92b8006000-7f92b800a000 r--s 0009a000 08:06 655475                     /usr/lib/jvm/java-8-oracle/jre/lib/jsse.jar
7f92b800a000-7f92b800b000 r--s 00002000 08:06 927833                     /usr/share/java/slf4j-simple.jar
7f92b800b000-7f92b800e000 r--s 00007000 08:06 928067                     /usr/share/java/maven3-settings-builder-3.3.9.jar
7f92b800e000-7f92b800f000 r--s 00006000 08:06 927981                     /usr/share/java/plexus-sec-dispatcher.jar
7f92b800f000-7f92b8010000 r--s 00001000 08:06 928041                     /usr/share/java/wagon-file-2.x.jar
7f92b8010000-7f92b8012000 r--s 0000a000 08:06 925093                     /usr/share/java/commons-cli-1.3.1.jar
7f92b8012000-7f92b8013000 r--s 00001000 08:06 928048                     /usr/share/java/wagon-http-shared-2.x.jar
7f92b8013000-7f92b803f000 r--s 00208000 08:06 927856                     /usr/share/java/guava.jar
7f92b803f000-7f92b8047000 r--s 00054000 08:06 928037                     /usr/share/java/sisu-inject.jar
7f92b8047000-7f92b8049000 r--s 0000a000 08:06 928059                     /usr/share/java/maven3-plugin-api-3.3.9.jar
7f92b8049000-7f92b804a000 r--s 00006000 08:06 928062                     /usr/share/java/maven3-repository-metadata-3.3.9.jar
7f92b804a000-7f92b804f000 r--s 00040000 08:06 926164                     /usr/share/java/commons-lang-2.6.jar
7f92b804f000-7f92b8053000 r--s 00020000 08:06 927917                     /usr/share/java/eclipse-aether-util.jar
7f92b8053000-7f92b8054000 r--s 00008000 08:06 927912                     /usr/share/java/eclipse-aether-connector-basic.jar
7f92b8054000-7f92b8056000 r--s 00000000 08:06 928029                     /usr/share/java/plexus-component-annotations-1.5.jar
7f92b8056000-7f92b8058000 r--s 00001000 08:06 927928                     /usr/share/java/aopalliance-1.0.jar
7f92b8058000-7f92b805a000 r--s 00005000 08:06 927915                     /usr/share/java/eclipse-aether-transport-wagon.jar
7f92b805a000-7f92b805c000 r--s 00001000 08:06 928068                     /usr/share/java/maven3-builder-support-3.3.9.jar
7f92b805c000-7f92b8060000 r--s 00027000 08:06 927909                     /usr/share/java/eclipse-aether-impl.jar
7f92b8060000-7f92b8065000 r--s 0001d000 08:06 927916                     /usr/share/java/eclipse-aether-api.jar
7f92b8065000-7f92b8066000 r--s 00004000 08:06 925073                     /usr/share/java/atinject-jsr330-tck-1.0.jar
7f92b8066000-7f92b806d000 r--s 0002c000 08:06 928039                     /usr/share/java/sisu-plexus.jar
7f92b806d000-7f92b806f000 r--s 00013000 08:06 928064                     /usr/share/java/maven3-embedder-3.3.9.jar
7f92b806f000-7f92b8073000 r--s 00038000 08:06 928025                     /usr/share/java/plexus-utils2.jar
7f92b8073000-7f92b807a000 r--s 00041000 08:06 928060                     /usr/share/java/maven3-compat-3.3.9.jar
7f92b807a000-7f92b807c000 r--s 0000a000 08:06 928042                     /usr/share/java/wagon-provider-api-2.x.jar
7f92b807c000-7f92b807d000 r--s 0000a000 08:06 928058                     /usr/share/java/maven3-settings-3.3.9.jar
7f92b807d000-7f92b80ae000 r--s 00207000 08:06 928045                     /usr/share/java/wagon-http-shaded-2.x.jar
7f92b80ae000-7f92bc000000 rw-p 00000000 00:00 0 
7f92bc000000-7f92bc021000 rw-p 00000000 00:00 0 
7f92bc021000-7f92c0000000 ---p 00000000 00:00 0 
7f92c0000000-7f92c0001000 r--s 00000000 08:06 925079                     /usr/share/java/geronimo-interceptor-3.0-spec-1.0.1.jar
7f92c0001000-7f92c0004000 r--s 00008000 08:06 925085                     /usr/share/java/cdi-api-1.0.jar
7f92c0004000-7f92c0007000 r--s 0000a000 08:06 928069                     /usr/share/java/maven3-artifact-3.3.9.jar
7f92c0007000-7f92c0049000 rw-p 00000000 00:00 0 
7f92c0049000-7f92c0222000 r--s 03d3e000 08:06 655523                     /usr/lib/jvm/java-8-oracle/jre/lib/rt.jar
7f92c0222000-7f92c0dfe000 rw-p 00000000 00:00 0 
7f92c0dfe000-7f92c0dff000 ---p 00000000 00:00 0 
7f92c0dff000-7f92c0eff000 rw-p 00000000 00:00 0 
7f92c0eff000-7f92c0f00000 ---p 00000000 00:00 0 
7f92c0f00000-7f92c1000000 rw-p 00000000 00:00 0 
7f92c1000000-7f92c1c10000 rwxp 00000000 00:00 0 
7f92c1c10000-7f92d0000000 ---p 00000000 00:00 0 
7f92d0000000-7f92d0b04000 rw-p 00000000 00:00 0 
7f92d0b04000-7f92d4000000 ---p 00000000 00:00 0 
7f92d4000000-7f92d4002000 r--s 00012000 08:06 925081                     /usr/share/java/el-api-3.0.jar
7f92d4002000-7f92d400f000 r--s 0008d000 08:06 928061                     /usr/share/java/maven3-core-3.3.9.jar
7f92d400f000-7f92d401d000 r--s 00095000 08:06 927933                     /usr/share/java/guice.jar
7f92d401d000-7f92d401f000 r--s 00006000 08:06 927914                     /usr/share/java/eclipse-aether-spi.jar
7f92d401f000-7f92d4095000 rw-p 00000000 00:00 0 
7f92d4095000-7f92d4096000 ---p 00000000 00:00 0 
7f92d4096000-7f92d4196000 rw-p 00000000 00:00 0 
7f92d4196000-7f92d4197000 ---p 00000000 00:00 0 
7f92d4197000-7f92d42c1000 rw-p 00000000 00:00 0 
7f92d42c1000-7f92d452a000 ---p 00000000 00:00 0 
7f92d452a000-7f92d4554000 rw-p 00000000 00:00 0 
7f92d4554000-7f92d47bc000 ---p 00000000 00:00 0 
7f92d47bc000-7f92d4800000 rw-p 00000000 00:00 0 
7f92d4800000-7f92d4906000 ---p 00000000 00:00 0 
7f92d4906000-7f92d4938000 rw-p 00000000 00:00 0 
7f92d4938000-7f92d4cc7000 ---p 00000000 00:00 0 
7f92d4cc7000-7f92d4ce1000 r-xp 00000000 08:06 655554                     /usr/lib/jvm/java-8-oracle/jre/lib/amd64/libzip.so
7f92d4ce1000-7f92d4ee1000 ---p 0001a000 08:06 655554                     /usr/lib/jvm/java-8-oracle/jre/lib/amd64/libzip.so
7f92d4ee1000-7f92d4ee2000 rw-p 0001a000 08:06 655554                     /usr/lib/jvm/java-8-oracle/jre/lib/amd64/libzip.so
7f92d4ee2000-7f92d4eed000 r-xp 00000000 08:06 525375                     /lib/x86_64-linux-gnu/libnss_files-2.23.so
7f92d4eed000-7f92d50ec000 ---p 0000b000 08:06 525375                     /lib/x86_64-linux-gnu/libnss_files-2.23.so
7f92d50ec000-7f92d50ed000 r--p 0000a000 08:06 525375                     /lib/x86_64-linux-gnu/libnss_files-2.23.so
7f92d50ed000-7f92d50ee000 rw-p 0000b000 08:06 525375                     /lib/x86_64-linux-gnu/libnss_files-2.23.so
7f92d50ee000-7f92d50f4000 rw-p 00000000 00:00 0 
7f92d50f4000-7f92d50ff000 r-xp 00000000 08:06 525349                     /lib/x86_64-linux-gnu/libnss_nis-2.23.so
7f92d50ff000-7f92d52fe000 ---p 0000b000 08:06 525349                     /lib/x86_64-linux-gnu/libnss_nis-2.23.so
7f92d52fe000-7f92d52ff000 r--p 0000a000 08:06 525349                     /lib/x86_64-linux-gnu/libnss_nis-2.23.so
7f92d52ff000-7f92d5300000 rw-p 0000b000 08:06 525349                     /lib/x86_64-linux-gnu/libnss_nis-2.23.so
7f92d5300000-7f92d5316000 r-xp 00000000 08:06 525355                     /lib/x86_64-linux-gnu/libnsl-2.23.so
7f92d5316000-7f92d5515000 ---p 00016000 08:06 525355                     /lib/x86_64-linux-gnu/libnsl-2.23.so
7f92d5515000-7f92d5516000 r--p 00015000 08:06 525355                     /lib/x86_64-linux-gnu/libnsl-2.23.so
7f92d5516000-7f92d5517000 rw-p 00016000 08:06 525355                     /lib/x86_64-linux-gnu/libnsl-2.23.so
7f92d5517000-7f92d5519000 rw-p 00000000 00:00 0 
7f92d5519000-7f92d5521000 r-xp 00000000 08:06 525381                     /lib/x86_64-linux-gnu/libnss_compat-2.23.so
7f92d5521000-7f92d5720000 ---p 00008000 08:06 525381                     /lib/x86_64-linux-gnu/libnss_compat-2.23.so
7f92d5720000-7f92d5721000 r--p 00007000 08:06 525381                     /lib/x86_64-linux-gnu/libnss_compat-2.23.so
7f92d5721000-7f92d5722000 rw-p 00008000 08:06 525381                     /lib/x86_64-linux-gnu/libnss_compat-2.23.so
7f92d5722000-7f92d574d000 r-xp 00000000 08:06 655581                     /usr/lib/jvm/java-8-oracle/jre/lib/amd64/libjava.so
7f92d574d000-7f92d594c000 ---p 0002b000 08:06 655581                     /usr/lib/jvm/java-8-oracle/jre/lib/amd64/libjava.so
7f92d594c000-7f92d594e000 rw-p 0002a000 08:06 655581                     /usr/lib/jvm/java-8-oracle/jre/lib/amd64/libjava.so
7f92d594e000-7f92d595b000 r-xp 00000000 08:06 655532                     /usr/lib/jvm/java-8-oracle/jre/lib/amd64/libverify.so
7f92d595b000-7f92d5b5a000 ---p 0000d000 08:06 655532                     /usr/lib/jvm/java-8-oracle/jre/lib/amd64/libverify.so
7f92d5b5a000-7f92d5b5c000 rw-p 0000c000 08:06 655532                     /usr/lib/jvm/java-8-oracle/jre/lib/amd64/libverify.so
7f92d5b5c000-7f92d5b63000 r-xp 00000000 08:06 525382                     /lib/x86_64-linux-gnu/librt-2.23.so
7f92d5b63000-7f92d5d62000 ---p 00007000 08:06 525382                     /lib/x86_64-linux-gnu/librt-2.23.so
7f92d5d62000-7f92d5d63000 r--p 00006000 08:06 525382                     /lib/x86_64-linux-gnu/librt-2.23.so
7f92d5d63000-7f92d5d64000 rw-p 00007000 08:06 525382                     /lib/x86_64-linux-gnu/librt-2.23.so
7f92d5d64000-7f92d5e6c000 r-xp 00000000 08:06 525353                     /lib/x86_64-linux-gnu/libm-2.23.so
7f92d5e6c000-7f92d606b000 ---p 00108000 08:06 525353                     /lib/x86_64-linux-gnu/libm-2.23.so
7f92d606b000-7f92d606c000 r--p 00107000 08:06 525353                     /lib/x86_64-linux-gnu/libm-2.23.so
7f92d606c000-7f92d606d000 rw-p 00108000 08:06 525353                     /lib/x86_64-linux-gnu/libm-2.23.so
7f92d606d000-7f92d6d3b000 r-xp 00000000 08:06 655585                     /usr/lib/jvm/java-8-oracle/jre/lib/amd64/server/libjvm.so
7f92d6d3b000-7f92d6f3b000 ---p 00cce000 08:06 655585                     /usr/lib/jvm/java-8-oracle/jre/lib/amd64/server/libjvm.so
7f92d6f3b000-7f92d7014000 rw-p 00cce000 08:06 655585                     /usr/lib/jvm/java-8-oracle/jre/lib/amd64/server/libjvm.so
7f92d7014000-7f92d705f000 rw-p 00000000 00:00 0 
7f92d705f000-7f92d721e000 r-xp 00000000 08:06 525361                     /lib/x86_64-linux-gnu/libc-2.23.so
7f92d721e000-7f92d741e000 ---p 001bf000 08:06 525361                     /lib/x86_64-linux-gnu/libc-2.23.so
7f92d741e000-7f92d7422000 r--p 001bf000 08:06 525361                     /lib/x86_64-linux-gnu/libc-2.23.so
7f92d7422000-7f92d7424000 rw-p 001c3000 08:06 525361                     /lib/x86_64-linux-gnu/libc-2.23.so
7f92d7424000-7f92d7428000 rw-p 00000000 00:00 0 
7f92d7428000-7f92d742b000 r-xp 00000000 08:06 525347                     /lib/x86_64-linux-gnu/libdl-2.23.so
7f92d742b000-7f92d762a000 ---p 00003000 08:06 525347                     /lib/x86_64-linux-gnu/libdl-2.23.so
7f92d762a000-7f92d762b000 r--p 00002000 08:06 525347                     /lib/x86_64-linux-gnu/libdl-2.23.so
7f92d762b000-7f92d762c000 rw-p 00003000 08:06 525347                     /lib/x86_64-linux-gnu/libdl-2.23.so
7f92d762c000-7f92d7641000 r-xp 00000000 08:06 656483                     /usr/lib/jvm/java-8-oracle/lib/amd64/jli/libjli.so
7f92d7641000-7f92d7841000 ---p 00015000 08:06 656483                     /usr/lib/jvm/java-8-oracle/lib/amd64/jli/libjli.so
7f92d7841000-7f92d7842000 rw-p 00015000 08:06 656483                     /usr/lib/jvm/java-8-oracle/lib/amd64/jli/libjli.so
7f92d7842000-7f92d785a000 r-xp 00000000 08:06 525386                     /lib/x86_64-linux-gnu/libpthread-2.23.so
7f92d785a000-7f92d7a59000 ---p 00018000 08:06 525386                     /lib/x86_64-linux-gnu/libpthread-2.23.so
7f92d7a59000-7f92d7a5a000 r--p 00017000 08:06 525386                     /lib/x86_64-linux-gnu/libpthread-2.23.so
7f92d7a5a000-7f92d7a5b000 rw-p 00018000 08:06 525386                     /lib/x86_64-linux-gnu/libpthread-2.23.so
7f92d7a5b000-7f92d7a5f000 rw-p 00000000 00:00 0 
7f92d7a5f000-7f92d7a85000 r-xp 00000000 08:06 525363                     /lib/x86_64-linux-gnu/ld-2.23.so
7f92d7a85000-7f92d7a8c000 r--s 0005d000 08:06 927065                     /usr/share/java/commons-lang3.jar
7f92d7a8c000-7f92d7a91000 r--s 00025000 08:06 928063                     /usr/share/java/maven3-model-builder-3.3.9.jar
7f92d7a91000-7f92d7a93000 r--s 00027000 08:06 928065                     /usr/share/java/maven3-model-3.3.9.jar
7f92d7a93000-7f92d7b5e000 rw-p 00000000 00:00 0 
7f92d7b5e000-7f92d7b61000 ---p 00000000 00:00 0 
7f92d7b61000-7f92d7c63000 rw-p 00000000 00:00 0 
7f92d7c63000-7f92d7c64000 r--s 00000000 08:06 925074                     /usr/share/java/atinject-jsr330-api-1.0.jar
7f92d7c64000-7f92d7c6a000 r--s 00048000 08:06 927852                     /usr/share/java/jsoup.jar
7f92d7c6a000-7f92d7c6c000 r--s 0000e000 08:06 927815                     /usr/share/java/plexus-interpolation.jar
7f92d7c6c000-7f92d7c6e000 r--s 00007000 08:06 927836                     /usr/share/java/slf4j-api.jar
7f92d7c6e000-7f92d7c70000 r--s 0000d000 08:06 928066                     /usr/share/java/maven3-aether-provider-3.3.9.jar
7f92d7c70000-7f92d7c74000 r--s 00027000 08:06 926159                     /usr/share/java/commons-io-2.4.jar
7f92d7c74000-7f92d7c76000 r--s 00002000 08:06 927979                     /usr/share/java/plexus-cipher.jar
7f92d7c76000-7f92d7c78000 r--s 0000a000 08:06 928023                     /usr/share/java/plexus-classworlds2-2.5.2.jar
7f92d7c78000-7f92d7c80000 rw-s 00000000 08:06 804294                     /tmp/hsperfdata_helrohir/18699
7f92d7c80000-7f92d7c81000 rw-p 00000000 00:00 0 
7f92d7c81000-7f92d7c82000 ---p 00000000 00:00 0 
7f92d7c82000-7f92d7c84000 rw-p 00000000 00:00 0 
7f92d7c84000-7f92d7c85000 r--p 00025000 08:06 525363                     /lib/x86_64-linux-gnu/ld-2.23.so
7f92d7c85000-7f92d7c86000 rw-p 00026000 08:06 525363                     /lib/x86_64-linux-gnu/ld-2.23.so
7f92d7c86000-7f92d7c87000 rw-p 00000000 00:00 0 
7ffcea990000-7ffcea9b2000 rw-p 00000000 00:00 0                          [stack]
7ffcea9fb000-7ffcea9fd000 r--p 00000000 00:00 0                          [vvar]
7ffcea9fd000-7ffcea9ff000 r-xp 00000000 00:00 0                          [vdso]
ffffffffff600000-ffffffffff601000 r-xp 00000000 00:00 0                  [vsyscall]

VM Arguments:
jvm_args: -Dclassworlds.conf=/usr/share/maven/bin/m2.conf -Dmaven.home=/usr/share/maven -Dmaven.multiModuleProjectDirectory=/home/helrohir/git/debs17_gc/common 
java_command: org.codehaus.plexus.classworlds.launcher.Launcher clean install
java_class_path (initial): /usr/share/maven/boot/plexus-classworlds-2.x.jar
Launcher Type: SUN_STANDARD

Environment Variables:
JAVA_HOME=/usr/lib/jvm/java-8-oracle
PATH=/home/helrohir/bin:/home/helrohir/.local/bin:/usr/local/sbin:/usr/local/bin:/usr/sbin:/usr/bin:/sbin:/bin:/usr/games:/usr/local/games:/snap/bin:/usr/lib/jvm/java-8-oracle/bin:/usr/lib/jvm/java-8-oracle/db/bin:/usr/lib/jvm/java-8-oracle/jre/bin
SHELL=/bin/bash
DISPLAY=:0

Signal Handlers:
SIGSEGV: [libjvm.so+0xac78c0], sa_mask[0]=11111111011111111101111111111110, sa_flags=SA_RESTART|SA_SIGINFO
SIGBUS: [libjvm.so+0xac78c0], sa_mask[0]=11111111011111111101111111111110, sa_flags=SA_RESTART|SA_SIGINFO
SIGFPE: [libjvm.so+0x920ac0], sa_mask[0]=11111111011111111101111111111110, sa_flags=SA_RESTART|SA_SIGINFO
SIGPIPE: [libjvm.so+0x920ac0], sa_mask[0]=11111111011111111101111111111110, sa_flags=SA_RESTART|SA_SIGINFO
SIGXFSZ: [libjvm.so+0x920ac0], sa_mask[0]=11111111011111111101111111111110, sa_flags=SA_RESTART|SA_SIGINFO
SIGILL: [libjvm.so+0x920ac0], sa_mask[0]=11111111011111111101111111111110, sa_flags=SA_RESTART|SA_SIGINFO
SIGUSR1: SIG_DFL, sa_mask[0]=00000000000000000000000000000000, sa_flags=none
SIGUSR2: [libjvm.so+0x922300], sa_mask[0]=00000000000000000000000000000000, sa_flags=SA_RESTART|SA_SIGINFO
SIGHUP: [libjvm.so+0x923700], sa_mask[0]=11111111011111111101111111111110, sa_flags=SA_RESTART|SA_SIGINFO
SIGINT: [libjvm.so+0x923700], sa_mask[0]=11111111011111111101111111111110, sa_flags=SA_RESTART|SA_SIGINFO
SIGTERM: [libjvm.so+0x923700], sa_mask[0]=11111111011111111101111111111110, sa_flags=SA_RESTART|SA_SIGINFO
SIGQUIT: [libjvm.so+0x923700], sa_mask[0]=11111111011111111101111111111110, sa_flags=SA_RESTART|SA_SIGINFO


---------------  S Y S T E M  ---------------

OS:DISTRIB_ID=Ubuntu
DISTRIB_RELEASE=16.04
DISTRIB_CODENAME=xenial
DISTRIB_DESCRIPTION="Ubuntu 16.04.2 LTS"

uname:Linux 4.4.0-72-generic #93-Ubuntu SMP Fri Mar 31 14:07:41 UTC 2017 x86_64
libc:glibc 2.23 NPTL 2.23 
rlimit: STACK 8192k, CORE 0k, NPROC 31149, NOFILE 65536, AS infinity
load average:1.46 3.05 2.56

/proc/meminfo:
MemTotal:        8087504 kB
MemFree:          131328 kB
MemAvailable:      55496 kB
Buffers:            8420 kB
Cached:           749116 kB
SwapCached:            0 kB
Active:          7085320 kB
Inactive:         619672 kB
Active(anon):    7043144 kB
Inactive(anon):   589056 kB
Active(file):      42176 kB
Inactive(file):    30616 kB
Unevictable:          64 kB
Mlocked:              64 kB
SwapTotal:             0 kB
SwapFree:              0 kB
Dirty:               844 kB
Writeback:             0 kB
AnonPages:       6948256 kB
Mapped:           284184 kB
Shmem:            684044 kB
Slab:             108796 kB
SReclaimable:      51496 kB
SUnreclaim:        57300 kB
KernelStack:       19456 kB
PageTables:        62736 kB
NFS_Unstable:          0 kB
Bounce:                0 kB
WritebackTmp:          0 kB
CommitLimit:     4043752 kB
Committed_AS:   14842560 kB
VmallocTotal:   34359738367 kB
VmallocUsed:           0 kB
VmallocChunk:          0 kB
HardwareCorrupted:     0 kB
AnonHugePages:   2920448 kB
CmaTotal:              0 kB
CmaFree:               0 kB
HugePages_Total:       0
HugePages_Free:        0
HugePages_Rsvd:        0
HugePages_Surp:        0
Hugepagesize:       2048 kB
DirectMap4k:      183272 kB
DirectMap2M:     8118272 kB
DirectMap1G:     1048576 kB


CPU:total 4 (2 cores per cpu, 2 threads per core) family 6 model 61 stepping 4, cmov, cx8, fxsr, mmx, sse, sse2, sse3, ssse3, sse4.1, sse4.2, popcnt, avx, avx2, aes, clmul, erms, 3dnowpref, lzcnt, ht, tsc, tscinvbit, bmi1, bmi2, adx

/proc/cpuinfo:
processor	: 0
vendor_id	: GenuineIntel
cpu family	: 6
model		: 61
model name	: Intel(R) Core(TM) i7-5500U CPU @ 2.40GHz
stepping	: 4
microcode	: 0x24
cpu MHz		: 2882.906
cache size	: 4096 KB
physical id	: 0
siblings	: 4
core id		: 0
cpu cores	: 2
apicid		: 0
initial apicid	: 0
fpu		: yes
fpu_exception	: yes
cpuid level	: 20
wp		: yes
flags		: fpu vme de pse tsc msr pae mce cx8 apic sep mtrr pge mca cmov pat pse36 clflush dts acpi mmx fxsr sse sse2 ss ht tm pbe syscall nx pdpe1gb rdtscp lm constant_tsc arch_perfmon pebs bts rep_good nopl xtopology nonstop_tsc aperfmperf eagerfpu pni pclmulqdq dtes64 monitor ds_cpl vmx est tm2 ssse3 sdbg fma cx16 xtpr pdcm pcid sse4_1 sse4_2 x2apic movbe popcnt tsc_deadline_timer aes xsave avx f16c rdrand lahf_lm abm 3dnowprefetch epb intel_pt tpr_shadow vnmi flexpriority ept vpid fsgsbase tsc_adjust bmi1 avx2 smep bmi2 erms invpcid rdseed adx smap xsaveopt dtherm ida arat pln pts
bugs		:
bogomips	: 4788.82
clflush size	: 64
cache_alignment	: 64
address sizes	: 39 bits physical, 48 bits virtual
power management:

processor	: 1
vendor_id	: GenuineIntel
cpu family	: 6
model		: 61
model name	: Intel(R) Core(TM) i7-5500U CPU @ 2.40GHz
stepping	: 4
microcode	: 0x24
cpu MHz		: 2737.218
cache size	: 4096 KB
physical id	: 0
siblings	: 4
core id		: 0
cpu cores	: 2
apicid		: 1
initial apicid	: 1
fpu		: yes
fpu_exception	: yes
cpuid level	: 20
wp		: yes
flags		: fpu vme de pse tsc msr pae mce cx8 apic sep mtrr pge mca cmov pat pse36 clflush dts acpi mmx fxsr sse sse2 ss ht tm pbe syscall nx pdpe1gb rdtscp lm constant_tsc arch_perfmon pebs bts rep_good nopl xtopology nonstop_tsc aperfmperf eagerfpu pni pclmulqdq dtes64 monitor ds_cpl vmx est tm2 ssse3 sdbg fma cx16 xtpr pdcm pcid sse4_1 sse4_2 x2apic movbe popcnt tsc_deadline_timer aes xsave avx f16c rdrand lahf_lm abm 3dnowprefetch epb intel_pt tpr_shadow vnmi flexpriority ept vpid fsgsbase tsc_adjust bmi1 avx2 smep bmi2 erms invpcid rdseed adx smap xsaveopt dtherm ida arat pln pts
bugs		:
bogomips	: 4788.82
clflush size	: 64
cache_alignment	: 64
address sizes	: 39 bits physical, 48 bits virtual
power management:

processor	: 2
vendor_id	: GenuineIntel
cpu family	: 6
model		: 61
model name	: Intel(R) Core(TM) i7-5500U CPU @ 2.40GHz
stepping	: 4
microcode	: 0x24
cpu MHz		: 2899.968
cache size	: 4096 KB
physical id	: 0
siblings	: 4
core id		: 1
cpu cores	: 2
apicid		: 2
initial apicid	: 2
fpu		: yes
fpu_exception	: yes
cpuid level	: 20
wp		: yes
flags		: fpu vme de pse tsc msr pae mce cx8 apic sep mtrr pge mca cmov pat pse36 clflush dts acpi mmx fxsr sse sse2 ss ht tm pbe syscall nx pdpe1gb rdtscp lm constant_tsc arch_perfmon pebs bts rep_good nopl xtopology nonstop_tsc aperfmperf eagerfpu pni pclmulqdq dtes64 monitor ds_cpl vmx est tm2 ssse3 sdbg fma cx16 xtpr pdcm pcid sse4_1 sse4_2 x2apic movbe popcnt tsc_deadline_timer aes xsave avx f16c rdrand lahf_lm abm 3dnowprefetch epb intel_pt tpr_shadow vnmi flexpriority ept vpid fsgsbase tsc_adjust bmi1 avx2 smep bmi2 erms invpcid rdseed adx smap xsaveopt dtherm ida arat pln pts
bugs		:
bogomips	: 4788.82
clflush size	: 64
cache_alignment	: 64
address sizes	: 39 bits physical, 48 bits virtual
power management:

processor	: 3
vendor_id	: GenuineIntel
cpu family	: 6
model		: 61
model name	: Intel(R) Core(TM) i7-5500U CPU @ 2.40GHz
stepping	: 4
microcode	: 0x24
cpu MHz		: 2899.968
cache size	: 4096 KB
physical id	: 0
siblings	: 4
core id		: 1
cpu cores	: 2
apicid		: 3
initial apicid	: 3
fpu		: yes
fpu_exception	: yes
cpuid level	: 20
wp		: yes
flags		: fpu vme de pse tsc msr pae mce cx8 apic sep mtrr pge mca cmov pat pse36 clflush dts acpi mmx fxsr sse sse2 ss ht tm pbe syscall nx pdpe1gb rdtscp lm constant_tsc arch_perfmon pebs bts rep_good nopl xtopology nonstop_tsc aperfmperf eagerfpu pni pclmulqdq dtes64 monitor ds_cpl vmx est tm2 ssse3 sdbg fma cx16 xtpr pdcm pcid sse4_1 sse4_2 x2apic movbe popcnt tsc_deadline_timer aes xsave avx f16c rdrand lahf_lm abm 3dnowprefetch epb intel_pt tpr_shadow vnmi flexpriority ept vpid fsgsbase tsc_adjust bmi1 avx2 smep bmi2 erms invpcid rdseed adx smap xsaveopt dtherm ida arat pln pts
bugs		:
bogomips	: 4788.82
clflush size	: 64
cache_alignment	: 64
address sizes	: 39 bits physical, 48 bits virtual
power management:



Memory: 4k page, physical 8087504k(131328k free), swap 0k(0k free)

vm_info: Java HotSpot(TM) 64-Bit Server VM (25.121-b13) for linux-amd64 JRE (1.8.0_121-b13), built on Dec 12 2016 16:36:53 by "java_re" with gcc 4.3.0 20080428 (Red Hat 4.3.0-8)

time: Tue Apr 18 15:57:41 2017
elapsed time: 4 seconds (0d 0h 0m 4s)

